
> master-ai-saas@0.1.0 build
> next build

  ▲ Next.js 14.2.15
  - Environments: .env.local, .env.production, .env

   Creating an optimized production build ...
 ⚠ Compiled with warnings

./node_modules/@prisma/instrumentation/node_modules/@opentelemetry/instrumentation/build/esm/platform/node/instrumentation.js
Critical dependency: the request of a dependency is an expression

Import trace for requested module:
./node_modules/@prisma/instrumentation/node_modules/@opentelemetry/instrumentation/build/esm/platform/node/instrumentation.js
./node_modules/@prisma/instrumentation/node_modules/@opentelemetry/instrumentation/build/esm/platform/node/index.js
./node_modules/@prisma/instrumentation/node_modules/@opentelemetry/instrumentation/build/esm/platform/index.js
./node_modules/@prisma/instrumentation/node_modules/@opentelemetry/instrumentation/build/esm/index.js
./node_modules/@prisma/instrumentation/dist/index.js
./node_modules/@sentry/node/build/cjs/integrations/tracing/prisma.js
./node_modules/@sentry/node/build/cjs/index.js
./node_modules/@sentry/nextjs/build/cjs/index.server.js
./src/lib/monitoring.ts
./src/app/admin/page.tsx

./node_modules/require-in-the-middle/index.js
Critical dependency: require function is used in a way in which dependencies cannot be statically extracted

Import trace for requested module:
./node_modules/require-in-the-middle/index.js
./node_modules/@opentelemetry/instrumentation/build/esm/platform/node/instrumentation.js
./node_modules/@opentelemetry/instrumentation/build/esm/platform/node/index.js
./node_modules/@opentelemetry/instrumentation/build/esm/platform/index.js
./node_modules/@opentelemetry/instrumentation/build/esm/index.js
./node_modules/@sentry/node/build/cjs/integrations/tracing/postgresjs.js
./node_modules/@sentry/node/build/cjs/index.js
./node_modules/@sentry/nextjs/build/cjs/index.server.js
./src/lib/monitoring.ts
./src/app/admin/page.tsx

./node_modules/@prisma/instrumentation/node_modules/@opentelemetry/instrumentation/build/esm/platform/node/instrumentation.js
Critical dependency: the request of a dependency is an expression

Import trace for requested module:
./node_modules/@prisma/instrumentation/node_modules/@opentelemetry/instrumentation/build/esm/platform/node/instrumentation.js
./node_modules/@prisma/instrumentation/node_modules/@opentelemetry/instrumentation/build/esm/platform/node/index.js
./node_modules/@prisma/instrumentation/node_modules/@opentelemetry/instrumentation/build/esm/platform/index.js
./node_modules/@prisma/instrumentation/node_modules/@opentelemetry/instrumentation/build/esm/index.js
./node_modules/@prisma/instrumentation/dist/index.js
./node_modules/@sentry/node/build/cjs/integrations/tracing/prisma.js
./node_modules/@sentry/node/build/cjs/index.js
./node_modules/@sentry/nextjs/build/cjs/index.server.js
./src/lib/monitoring.ts
./src/app/api/verify/[code]/route.ts

./node_modules/require-in-the-middle/index.js
Critical dependency: require function is used in a way in which dependencies cannot be statically extracted

Import trace for requested module:
./node_modules/require-in-the-middle/index.js
./node_modules/@opentelemetry/instrumentation/build/esm/platform/node/instrumentation.js
./node_modules/@opentelemetry/instrumentation/build/esm/platform/node/index.js
./node_modules/@opentelemetry/instrumentation/build/esm/platform/index.js
./node_modules/@opentelemetry/instrumentation/build/esm/index.js
./node_modules/@sentry/node/build/cjs/integrations/tracing/postgresjs.js
./node_modules/@sentry/node/build/cjs/index.js
./node_modules/@sentry/nextjs/build/cjs/index.server.js
./src/lib/monitoring.ts
./src/app/api/verify/[code]/route.ts

   Linting and checking validity of types ...
Failed to compile.

./src/lib/stripe.ts:8:3
Type error: Type '"2024-12-18.acacia"' is not assignable to type '"2025-07-30.basil"'.

[0m [90m  6 |[39m[0m
[0m [90m  7 |[39m [36mexport[39m [36mconst[39m stripe [33m=[39m [36mnew[39m [33mStripe[39m(process[33m.[39menv[33m.[39m[33mSTRIPE_SECRET_KEY[39m[33m,[39m {[0m
[0m[31m[1m>[22m[39m[90m  8 |[39m   apiVersion[33m:[39m [32m'2024-12-18.acacia'[39m[33m,[39m[0m
[0m [90m    |[39m   [31m[1m^[22m[39m[0m
[0m [90m  9 |[39m   typescript[33m:[39m [36mtrue[39m[33m,[39m[0m
[0m [90m 10 |[39m })[0m
[0m [90m 11 |[39m[0m
